2017-10-18 16:18:54,951 inventoriesdb.py[line:134] INFO group_select start
2017-10-18 16:18:54,961 inventoriesdb.py[line:180] INFO group_select end
2017-10-18 16:18:56,668 inventoriesdb.py[line:467] INFO host_select start
2017-10-18 16:18:56,677 inventoriesdb.py[line:506] INFO host_select end
2017-10-18 16:19:56,395 inventoriesdb.py[line:383] INFO hosts_import start
2017-10-18 16:19:56,398 inventoriesdb.py[line:397] INFO hosts_upload start
2017-10-18 16:19:56,404 inventoriesdb.py[line:409] INFO hosts_upload over!
2017-10-18 16:19:56,520 inventoriesdb.py[line:460] INFO hosts_import end
2017-10-18 16:19:56,562 inventoriesdb.py[line:467] INFO host_select start
2017-10-18 16:19:56,569 inventoriesdb.py[line:506] INFO host_select end
2017-10-18 16:20:03,447 inventoriesdb.py[line:512] INFO host_delete start
2017-10-18 16:20:03,533 inventoriesdb.py[line:533] INFO host_delete end
2017-10-18 16:20:03,627 inventoriesdb.py[line:467] INFO host_select start
2017-10-18 16:20:03,638 inventoriesdb.py[line:506] INFO host_select end
2017-10-18 16:20:12,414 inventoriesdb.py[line:383] INFO hosts_import start
2017-10-18 16:20:12,417 inventoriesdb.py[line:397] INFO hosts_upload start
2017-10-18 16:20:12,417 inventoriesdb.py[line:457] ERROR "'uploadGroupId'"
2017-10-18 16:20:12,417 inventoriesdb.py[line:460] INFO hosts_import end
2017-10-18 16:22:55,846 inventoriesdb.py[line:134] INFO group_select start
2017-10-18 16:22:55,854 inventoriesdb.py[line:180] INFO group_select end
2017-10-18 16:22:57,674 inventoriesdb.py[line:467] INFO host_select start
2017-10-18 16:22:57,686 inventoriesdb.py[line:506] INFO host_select end
2017-10-18 16:23:05,660 inventoriesdb.py[line:383] INFO hosts_import start
2017-10-18 16:23:05,664 inventoriesdb.py[line:397] INFO hosts_upload start
2017-10-18 16:23:05,671 inventoriesdb.py[line:409] INFO hosts_upload over!
2017-10-18 16:23:05,861 inventoriesdb.py[line:460] INFO hosts_import end
2017-10-18 16:23:05,921 inventoriesdb.py[line:467] INFO host_select start
2017-10-18 16:23:05,930 inventoriesdb.py[line:506] INFO host_select end
2017-10-18 16:23:13,634 inventoriesdb.py[line:467] INFO host_select start
2017-10-18 16:23:13,642 inventoriesdb.py[line:506] INFO host_select end
2017-10-18 16:23:28,736 inventoriesdb.py[line:134] INFO group_select start
2017-10-18 16:23:28,743 inventoriesdb.py[line:180] INFO group_select end
2017-10-18 17:21:12,792 inventoriesdb.py[line:134] INFO group_select start
2017-10-18 17:21:12,811 inventoriesdb.py[line:180] INFO group_select end
2017-10-18 17:21:16,747 inventoriesdb.py[line:134] INFO group_select start
2017-10-18 17:21:16,756 inventoriesdb.py[line:180] INFO group_select end
2017-10-18 17:21:17,811 inventoriesdb.py[line:467] INFO host_select start
2017-10-18 17:21:17,818 inventoriesdb.py[line:506] INFO host_select end
2017-10-18 17:33:03,984 inventoriesdb.py[line:134] INFO group_select start
2017-10-18 17:33:03,993 inventoriesdb.py[line:180] INFO group_select end
2017-10-18 17:33:05,263 inventoriesdb.py[line:467] INFO host_select start
2017-10-18 17:33:05,272 inventoriesdb.py[line:506] INFO host_select end
2017-10-18 18:07:17,226 inventoriesdb.py[line:134] INFO group_select start
2017-10-18 18:07:17,234 inventoriesdb.py[line:180] INFO group_select end
2017-10-18 18:07:18,618 inventoriesdb.py[line:467] INFO host_select start
2017-10-18 18:07:18,628 inventoriesdb.py[line:506] INFO host_select end
2017-10-18 18:07:26,084 inventoriesdb.py[line:383] INFO hosts_import start
2017-10-18 18:07:26,086 inventoriesdb.py[line:397] INFO hosts_upload start
2017-10-18 18:07:26,095 inventoriesdb.py[line:409] INFO hosts_upload over!
2017-10-18 18:07:26,167 inventoriesdb.py[line:460] INFO hosts_import end
2017-10-18 18:07:26,216 inventoriesdb.py[line:467] INFO host_select start
2017-10-18 18:07:26,221 inventoriesdb.py[line:506] INFO host_select end
