2017-10-17 09:32:57,592 inventoriesdb.py[line:134] INFO group_select start
2017-10-17 09:32:57,601 inventoriesdb.py[line:180] INFO group_select end
2017-10-17 10:05:50,395 inventoriesdb.py[line:134] INFO group_select start
2017-10-17 10:05:50,405 inventoriesdb.py[line:180] INFO group_select end
2017-10-17 10:05:52,026 inventoriesdb.py[line:462] INFO host_select start
2017-10-17 10:05:52,036 inventoriesdb.py[line:501] INFO host_select end
2017-10-17 10:06:07,364 inventoriesdb.py[line:383] INFO hosts_import start
2017-10-17 10:06:07,368 inventoriesdb.py[line:397] INFO hosts_upload start
2017-10-17 10:06:07,375 inventoriesdb.py[line:408] INFO hosts_upload over!
2017-10-17 10:06:07,473 inventoriesdb.py[line:455] INFO hosts_import end
2017-10-17 10:06:07,556 inventoriesdb.py[line:462] INFO host_select start
2017-10-17 10:06:07,563 inventoriesdb.py[line:501] INFO host_select end
2017-10-17 10:06:29,263 inventoriesdb.py[line:336] INFO host_add start
2017-10-17 10:06:29,336 inventoriesdb.py[line:377] INFO host_add end
2017-10-17 10:06:29,430 inventoriesdb.py[line:462] INFO host_select start
2017-10-17 10:06:29,438 inventoriesdb.py[line:501] INFO host_select end
2017-10-17 10:06:40,513 inventoriesdb.py[line:336] INFO host_add start
2017-10-17 10:06:40,558 inventoriesdb.py[line:377] INFO host_add end
2017-10-17 10:06:40,657 inventoriesdb.py[line:462] INFO host_select start
2017-10-17 10:06:40,667 inventoriesdb.py[line:501] INFO host_select end
2017-10-17 10:06:57,007 inventoriesdb.py[line:336] INFO host_add start
2017-10-17 10:06:57,082 inventoriesdb.py[line:377] INFO host_add end
2017-10-17 10:06:57,194 inventoriesdb.py[line:462] INFO host_select start
2017-10-17 10:06:57,207 inventoriesdb.py[line:501] INFO host_select end
2017-10-17 14:37:59,414 inventoriesdb.py[line:134] INFO group_select start
2017-10-17 14:37:59,423 inventoriesdb.py[line:180] INFO group_select end
