2017-10-20 10:06:58,913 inventoriesdb.py[line:134] INFO group_select start
2017-10-20 10:06:58,921 inventoriesdb.py[line:180] INFO group_select end
2017-10-20 10:08:28,986 inventoriesdb.py[line:134] INFO group_select start
2017-10-20 10:08:28,990 inventoriesdb.py[line:180] INFO group_select end
2017-10-20 10:08:30,894 inventoriesdb.py[line:467] INFO host_select start
2017-10-20 10:08:30,901 inventoriesdb.py[line:506] INFO host_select end
2017-10-20 10:09:24,545 inventoriesdb.py[line:134] INFO group_select start
2017-10-20 10:09:24,558 inventoriesdb.py[line:180] INFO group_select end
2017-10-20 10:09:25,707 inventoriesdb.py[line:467] INFO host_select start
2017-10-20 10:09:25,713 inventoriesdb.py[line:506] INFO host_select end
2017-10-20 10:10:10,410 inventoriesdb.py[line:383] INFO hosts_import start
2017-10-20 10:10:10,411 inventoriesdb.py[line:397] INFO hosts_upload start
2017-10-20 10:10:10,417 inventoriesdb.py[line:409] INFO hosts_upload over!
2017-10-20 10:10:11,351 inventoriesdb.py[line:460] INFO hosts_import end
2017-10-20 10:10:11,398 inventoriesdb.py[line:467] INFO host_select start
2017-10-20 10:10:11,407 inventoriesdb.py[line:506] INFO host_select end
2017-10-20 10:10:42,013 inventoriesdb.py[line:467] INFO host_select start
2017-10-20 10:10:42,028 inventoriesdb.py[line:506] INFO host_select end
2017-10-20 10:11:22,650 inventoriesdb.py[line:467] INFO host_select start
2017-10-20 10:11:22,660 inventoriesdb.py[line:506] INFO host_select end
2017-10-20 10:14:11,197 inventoriesdb.py[line:467] INFO host_select start
2017-10-20 10:14:11,207 inventoriesdb.py[line:506] INFO host_select end
2017-10-20 10:14:18,831 inventoriesdb.py[line:467] INFO host_select start
2017-10-20 10:14:18,846 inventoriesdb.py[line:506] INFO host_select end
2017-10-20 10:14:28,384 inventoriesdb.py[line:467] INFO host_select start
2017-10-20 10:14:28,398 inventoriesdb.py[line:506] INFO host_select end
2017-10-20 10:14:35,272 inventoriesdb.py[line:467] INFO host_select start
2017-10-20 10:14:35,279 inventoriesdb.py[line:506] INFO host_select end
2017-10-20 10:14:42,470 inventoriesdb.py[line:467] INFO host_select start
2017-10-20 10:14:42,479 inventoriesdb.py[line:506] INFO host_select end
2017-10-20 10:14:46,838 inventoriesdb.py[line:467] INFO host_select start
2017-10-20 10:14:46,845 inventoriesdb.py[line:506] INFO host_select end
2017-10-20 10:14:49,502 inventoriesdb.py[line:467] INFO host_select start
2017-10-20 10:14:49,515 inventoriesdb.py[line:506] INFO host_select end
2017-10-20 10:14:51,010 inventoriesdb.py[line:467] INFO host_select start
2017-10-20 10:14:51,023 inventoriesdb.py[line:506] INFO host_select end
2017-10-20 10:16:09,272 inventoriesdb.py[line:383] INFO hosts_import start
2017-10-20 10:16:09,273 inventoriesdb.py[line:397] INFO hosts_upload start
2017-10-20 10:16:09,279 inventoriesdb.py[line:409] INFO hosts_upload over!
2017-10-20 10:16:13,915 inventoriesdb.py[line:460] INFO hosts_import end
2017-10-20 10:16:13,971 inventoriesdb.py[line:467] INFO host_select start
2017-10-20 10:16:14,000 inventoriesdb.py[line:506] INFO host_select end
2017-10-20 10:25:11,825 inventoriesdb.py[line:467] INFO host_select start
2017-10-20 10:25:11,864 inventoriesdb.py[line:506] INFO host_select end
2017-10-20 10:25:25,178 inventoriesdb.py[line:134] INFO group_select start
2017-10-20 10:25:25,184 inventoriesdb.py[line:180] INFO group_select end
2017-10-20 10:25:36,210 inventoriesdb.py[line:467] INFO host_select start
2017-10-20 10:25:36,221 inventoriesdb.py[line:506] INFO host_select end
2017-10-20 10:25:39,980 inventoriesdb.py[line:467] INFO host_select start
2017-10-20 10:25:39,992 inventoriesdb.py[line:506] INFO host_select end
2017-10-20 10:25:43,315 inventoriesdb.py[line:467] INFO host_select start
2017-10-20 10:25:43,338 inventoriesdb.py[line:506] INFO host_select end
2017-10-20 10:26:39,121 inventoriesdb.py[line:467] INFO host_select start
2017-10-20 10:26:39,137 inventoriesdb.py[line:506] INFO host_select end
2017-10-20 10:38:20,181 inventoriesdb.py[line:134] INFO group_select start
2017-10-20 10:38:20,193 inventoriesdb.py[line:180] INFO group_select end
2017-10-20 10:38:21,118 inventoriesdb.py[line:467] INFO host_select start
2017-10-20 10:38:21,137 inventoriesdb.py[line:506] INFO host_select end
2017-10-20 10:52:07,105 inventoriesdb.py[line:592] INFO downloadXLSX start
2017-10-20 10:52:07,105 inventoriesdb.py[line:610] INFO D:\vega\vega/static/doc/guide.docx
2017-10-20 10:52:07,107 inventoriesdb.py[line:614] INFO downloadXLSX end
2017-10-20 10:52:59,002 inventoriesdb.py[line:592] INFO downloadXLSX start
2017-10-20 10:52:59,003 inventoriesdb.py[line:610] INFO D:\vega\vega/static/doc/instructions.pptx
2017-10-20 10:52:59,003 inventoriesdb.py[line:614] INFO downloadXLSX end
