2017-09-22 17:19:37,319 inventoriesdb.py[line:131] INFO group_select start
2017-09-22 17:19:37,326 inventoriesdb.py[line:177] INFO group_select end
2017-09-22 17:19:44,444 inventoriesdb.py[line:44] INFO {'owner': u'all', 'variables': u'', 'name': u'test', 'description': u'test'}
2017-09-22 17:19:47,773 inventoriesdb.py[line:131] INFO group_select start
2017-09-22 17:19:47,783 inventoriesdb.py[line:177] INFO group_select end
2017-09-22 17:19:49,124 inventoriesdb.py[line:458] INFO host_select start
2017-09-22 17:19:49,128 inventoriesdb.py[line:497] INFO host_select end
2017-09-22 17:20:02,151 inventoriesdb.py[line:379] INFO hosts_import start
2017-09-22 17:20:02,155 inventoriesdb.py[line:393] INFO hosts_upload start
2017-09-22 17:20:02,174 inventoriesdb.py[line:404] INFO hosts_upload over!
2017-09-22 17:20:02,259 inventoriesdb.py[line:451] INFO hosts_import end
2017-09-22 17:20:02,293 inventoriesdb.py[line:458] INFO host_select start
2017-09-22 17:20:02,302 inventoriesdb.py[line:497] INFO host_select end
2017-09-22 18:13:58,096 inventoriesdb.py[line:131] INFO group_select start
2017-09-22 18:13:58,115 inventoriesdb.py[line:177] INFO group_select end
2017-09-22 18:13:59,424 inventoriesdb.py[line:458] INFO host_select start
2017-09-22 18:13:59,433 inventoriesdb.py[line:497] INFO host_select end
2017-09-22 18:14:07,967 inventoriesdb.py[line:332] INFO host_add start
2017-09-22 18:14:07,984 inventoriesdb.py[line:373] INFO host_add end
2017-09-22 18:14:08,039 inventoriesdb.py[line:458] INFO host_select start
2017-09-22 18:14:08,048 inventoriesdb.py[line:497] INFO host_select end
2017-09-22 18:14:16,967 inventoriesdb.py[line:332] INFO host_add start
2017-09-22 18:14:16,980 inventoriesdb.py[line:373] INFO host_add end
2017-09-22 18:14:17,030 inventoriesdb.py[line:458] INFO host_select start
2017-09-22 18:14:17,039 inventoriesdb.py[line:497] INFO host_select end
2017-09-22 18:14:59,992 inventoriesdb.py[line:131] INFO group_select start
2017-09-22 18:15:00,000 inventoriesdb.py[line:177] INFO group_select end
2017-09-22 18:15:05,509 inventoriesdb.py[line:44] INFO {'owner': u'all', 'variables': u'', 'name': u'sdfsf', 'description': u'fdf'}
2017-09-22 18:15:08,450 inventoriesdb.py[line:131] INFO group_select start
2017-09-22 18:15:08,473 inventoriesdb.py[line:177] INFO group_select end
2017-09-22 18:15:09,782 inventoriesdb.py[line:458] INFO host_select start
2017-09-22 18:15:09,789 inventoriesdb.py[line:497] INFO host_select end
2017-09-22 18:15:16,243 inventoriesdb.py[line:332] INFO host_add start
2017-09-22 18:15:16,266 inventoriesdb.py[line:373] INFO host_add end
2017-09-22 18:15:16,325 inventoriesdb.py[line:458] INFO host_select start
2017-09-22 18:15:16,335 inventoriesdb.py[line:497] INFO host_select end
2017-09-22 18:15:24,895 inventoriesdb.py[line:332] INFO host_add start
2017-09-22 18:15:24,913 inventoriesdb.py[line:373] INFO host_add end
2017-09-22 18:15:24,951 inventoriesdb.py[line:458] INFO host_select start
2017-09-22 18:15:24,959 inventoriesdb.py[line:497] INFO host_select end
2017-09-22 18:15:28,003 inventoriesdb.py[line:131] INFO group_select start
2017-09-22 18:15:28,016 inventoriesdb.py[line:177] INFO group_select end
