2017-10-16 09:49:16,160 project.py[line:26] INFO init_project_select start
2017-10-16 09:49:16,171 project.py[line:33] INFO init_project_select end
2017-10-16 09:49:41,901 project.py[line:26] INFO init_project_select start
2017-10-16 09:49:41,910 project.py[line:33] INFO init_project_select end
2017-10-16 09:49:51,719 project.py[line:26] INFO init_project_select start
2017-10-16 09:49:51,733 project.py[line:33] INFO init_project_select end
2017-10-16 09:50:29,729 project.py[line:26] INFO init_project_select start
2017-10-16 09:50:29,742 project.py[line:33] INFO init_project_select end
2017-10-16 09:57:30,451 project.py[line:26] INFO init_project_select start
2017-10-16 09:57:30,470 project.py[line:33] INFO init_project_select end
2017-10-16 09:57:33,382 project.py[line:26] INFO init_project_select start
2017-10-16 09:57:33,385 project.py[line:33] INFO init_project_select end
2017-10-16 10:04:35,483 project.py[line:26] INFO init_project_select start
2017-10-16 10:04:35,486 project.py[line:33] INFO init_project_select end
2017-10-16 10:07:36,848 project.py[line:26] INFO init_project_select start
2017-10-16 10:07:36,875 project.py[line:33] INFO init_project_select end
2017-10-16 10:07:56,114 project.py[line:26] INFO init_project_select start
2017-10-16 10:07:56,118 project.py[line:33] INFO init_project_select end
2017-10-16 10:08:17,039 project.py[line:26] INFO init_project_select start
2017-10-16 10:08:17,042 project.py[line:33] INFO init_project_select end
2017-10-16 10:08:25,315 project.py[line:26] INFO init_project_select start
2017-10-16 10:08:25,322 project.py[line:33] INFO init_project_select end
2017-10-16 10:17:32,075 project.py[line:26] INFO init_project_select start
2017-10-16 10:17:32,096 project.py[line:33] INFO init_project_select end
2017-10-16 10:17:36,503 project.py[line:26] INFO init_project_select start
2017-10-16 10:17:36,513 project.py[line:33] INFO init_project_select end
2017-10-16 10:18:37,901 project.py[line:26] INFO init_project_select start
2017-10-16 10:18:37,905 project.py[line:33] INFO init_project_select end
2017-10-16 10:19:46,450 project.py[line:26] INFO init_project_select start
2017-10-16 10:19:46,477 project.py[line:33] INFO init_project_select end
2017-10-16 10:19:49,411 project.py[line:26] INFO init_project_select start
2017-10-16 10:19:49,415 project.py[line:33] INFO init_project_select end
2017-10-16 10:21:33,905 project.py[line:123] INFO project_select start
2017-10-16 10:21:33,913 project.py[line:165] INFO projectList:[]
2017-10-16 10:21:33,913 project.py[line:170] INFO project_select end
2017-10-16 11:23:04,019 project.py[line:26] INFO init_project_select start
2017-10-16 11:23:04,025 project.py[line:33] INFO init_project_select end
2017-10-16 11:23:07,575 project.py[line:26] INFO init_project_select start
2017-10-16 11:23:07,582 project.py[line:33] INFO init_project_select end
2017-10-16 11:23:19,493 project.py[line:26] INFO init_project_select start
2017-10-16 11:23:19,513 project.py[line:33] INFO init_project_select end
2017-10-16 11:31:19,989 project.py[line:26] INFO init_project_select start
2017-10-16 11:31:20,013 project.py[line:33] INFO init_project_select end
2017-10-16 11:31:23,009 project.py[line:26] INFO init_project_select start
2017-10-16 11:31:23,016 project.py[line:33] INFO init_project_select end
2017-10-16 11:31:35,852 project.py[line:26] INFO init_project_select start
2017-10-16 11:31:35,861 project.py[line:33] INFO init_project_select end
2017-10-16 11:52:17,555 project.py[line:26] INFO init_project_select start
2017-10-16 11:52:17,584 project.py[line:33] INFO init_project_select end
2017-10-16 17:44:37,015 project.py[line:26] INFO init_project_select start
2017-10-16 17:44:37,017 project.py[line:33] INFO init_project_select end
2017-10-16 17:46:32,910 project.py[line:26] INFO init_project_select start
2017-10-16 17:46:32,913 project.py[line:33] INFO init_project_select end
2017-10-16 17:50:04,259 project.py[line:26] INFO init_project_select start
2017-10-16 17:50:04,263 project.py[line:33] INFO init_project_select end
2017-10-16 17:54:56,591 project.py[line:26] INFO init_project_select start
2017-10-16 17:54:56,598 project.py[line:33] INFO init_project_select end
2017-10-16 17:55:07,332 project.py[line:26] INFO init_project_select start
2017-10-16 17:55:07,335 project.py[line:33] INFO init_project_select end
