2017-10-20 09:47:29,240 project.py[line:26] INFO init_project_select start
2017-10-20 09:47:29,249 project.py[line:33] INFO init_project_select end
2017-10-20 09:50:30,888 project.py[line:26] INFO init_project_select start
2017-10-20 09:50:30,897 project.py[line:33] INFO init_project_select end
2017-10-20 09:55:33,941 project.py[line:26] INFO init_project_select start
2017-10-20 09:55:33,946 project.py[line:33] INFO init_project_select end
2017-10-20 10:06:10,809 project.py[line:26] INFO init_project_select start
2017-10-20 10:06:10,813 project.py[line:33] INFO init_project_select end
2017-10-20 10:06:32,963 project.py[line:26] INFO init_project_select start
2017-10-20 10:06:32,970 project.py[line:33] INFO init_project_select end
2017-10-20 10:06:44,308 project.py[line:26] INFO init_project_select start
2017-10-20 10:06:44,311 project.py[line:33] INFO init_project_select end
2017-10-20 10:06:48,357 project.py[line:123] INFO project_select start
2017-10-20 10:06:48,364 project.py[line:165] INFO projectList:[]
2017-10-20 10:06:48,364 project.py[line:170] INFO project_select end
2017-10-20 10:07:58,075 project.py[line:26] INFO init_project_select start
2017-10-20 10:07:58,082 project.py[line:33] INFO init_project_select end
2017-10-20 10:09:23,144 project.py[line:26] INFO init_project_select start
2017-10-20 10:09:23,147 project.py[line:33] INFO init_project_select end
2017-10-20 10:38:19,108 project.py[line:26] INFO init_project_select start
2017-10-20 10:38:19,111 project.py[line:33] INFO init_project_select end
2017-10-20 17:53:42,206 project.py[line:26] INFO init_project_select start
2017-10-20 17:53:42,210 project.py[line:33] INFO init_project_select end
