2017-10-19 14:09:03,640 project.py[line:26] INFO init_project_select start
2017-10-19 14:09:03,642 project.py[line:33] INFO init_project_select end
2017-10-19 14:15:22,006 project.py[line:123] INFO project_select start
2017-10-19 14:15:22,013 project.py[line:165] INFO projectList:[]
2017-10-19 14:15:22,013 project.py[line:170] INFO project_select end
2017-10-19 15:00:16,296 project.py[line:26] INFO init_project_select start
2017-10-19 15:00:16,302 project.py[line:33] INFO init_project_select end
2017-10-19 15:00:37,421 project.py[line:26] INFO init_project_select start
2017-10-19 15:00:37,427 project.py[line:33] INFO init_project_select end
2017-10-19 15:01:09,358 project.py[line:26] INFO init_project_select start
2017-10-19 15:01:09,362 project.py[line:33] INFO init_project_select end
2017-10-19 15:05:33,572 project.py[line:26] INFO init_project_select start
2017-10-19 15:05:33,582 project.py[line:33] INFO init_project_select end
2017-10-19 15:15:35,246 project.py[line:26] INFO init_project_select start
2017-10-19 15:15:35,259 project.py[line:33] INFO init_project_select end
2017-10-19 15:16:47,025 project.py[line:26] INFO init_project_select start
2017-10-19 15:16:47,026 project.py[line:33] INFO init_project_select end
2017-10-19 15:17:01,436 project.py[line:26] INFO init_project_select start
2017-10-19 15:17:01,440 project.py[line:33] INFO init_project_select end
2017-10-19 15:44:18,239 project.py[line:26] INFO init_project_select start
2017-10-19 15:44:18,252 project.py[line:33] INFO init_project_select end
2017-10-19 15:44:26,749 project.py[line:26] INFO init_project_select start
2017-10-19 15:44:26,759 project.py[line:33] INFO init_project_select end
2017-10-19 15:44:55,173 project.py[line:26] INFO init_project_select start
2017-10-19 15:44:55,188 project.py[line:33] INFO init_project_select end
2017-10-19 15:45:06,443 project.py[line:26] INFO init_project_select start
2017-10-19 15:45:06,446 project.py[line:33] INFO init_project_select end
2017-10-19 15:45:08,726 project.py[line:123] INFO project_select start
2017-10-19 15:45:08,733 project.py[line:165] INFO projectList:[]
2017-10-19 15:45:08,733 project.py[line:170] INFO project_select end
2017-10-19 15:46:53,552 project.py[line:26] INFO init_project_select start
2017-10-19 15:46:53,556 project.py[line:33] INFO init_project_select end
2017-10-19 15:49:42,377 project.py[line:26] INFO init_project_select start
2017-10-19 15:49:42,385 project.py[line:33] INFO init_project_select end
2017-10-19 17:44:57,901 project.py[line:26] INFO init_project_select start
2017-10-19 17:44:57,904 project.py[line:33] INFO init_project_select end
2017-10-19 17:45:40,102 project.py[line:26] INFO init_project_select start
2017-10-19 17:45:40,107 project.py[line:33] INFO init_project_select end
2017-10-19 17:48:53,203 project.py[line:26] INFO init_project_select start
2017-10-19 17:48:53,210 project.py[line:33] INFO init_project_select end
2017-10-19 17:49:16,684 project.py[line:26] INFO init_project_select start
2017-10-19 17:49:16,703 project.py[line:33] INFO init_project_select end
2017-10-19 17:51:50,970 project.py[line:26] INFO init_project_select start
2017-10-19 17:51:50,976 project.py[line:33] INFO init_project_select end
2017-10-19 17:53:38,414 project.py[line:26] INFO init_project_select start
2017-10-19 17:53:38,418 project.py[line:33] INFO init_project_select end
2017-10-19 17:55:11,500 project.py[line:26] INFO init_project_select start
2017-10-19 17:55:11,509 project.py[line:33] INFO init_project_select end
2017-10-19 17:56:26,838 project.py[line:26] INFO init_project_select start
2017-10-19 17:56:26,845 project.py[line:33] INFO init_project_select end
2017-10-19 17:58:52,351 project.py[line:26] INFO init_project_select start
2017-10-19 17:58:52,355 project.py[line:33] INFO init_project_select end
2017-10-19 18:00:30,884 project.py[line:26] INFO init_project_select start
2017-10-19 18:00:30,888 project.py[line:33] INFO init_project_select end
2017-10-19 18:00:42,240 project.py[line:26] INFO init_project_select start
2017-10-19 18:00:42,244 project.py[line:33] INFO init_project_select end
2017-10-19 18:19:04,405 project.py[line:26] INFO init_project_select start
2017-10-19 18:19:04,411 project.py[line:33] INFO init_project_select end
2017-10-19 18:19:54,473 project.py[line:26] INFO init_project_select start
2017-10-19 18:19:54,487 project.py[line:33] INFO init_project_select end
2017-10-19 18:21:46,410 project.py[line:26] INFO init_project_select start
2017-10-19 18:21:46,415 project.py[line:33] INFO init_project_select end
