2017-10-13 09:15:13,456 project.py[line:26] INFO init_project_select start
2017-10-13 09:15:13,463 project.py[line:33] INFO init_project_select end
2017-10-13 09:15:17,596 project.py[line:26] INFO init_project_select start
2017-10-13 09:15:17,599 project.py[line:33] INFO init_project_select end
2017-10-13 09:16:58,778 project.py[line:26] INFO init_project_select start
2017-10-13 09:16:58,780 project.py[line:33] INFO init_project_select end
2017-10-13 09:29:05,063 project.py[line:26] INFO init_project_select start
2017-10-13 09:29:05,068 project.py[line:33] INFO init_project_select end
2017-10-13 09:51:36,007 project.py[line:26] INFO init_project_select start
2017-10-13 09:51:36,013 project.py[line:33] INFO init_project_select end
2017-10-13 09:53:57,391 project.py[line:26] INFO init_project_select start
2017-10-13 09:53:57,397 project.py[line:33] INFO init_project_select end
2017-10-13 09:53:58,888 project.py[line:26] INFO init_project_select start
2017-10-13 09:53:58,891 project.py[line:33] INFO init_project_select end
2017-10-13 09:54:17,622 project.py[line:26] INFO init_project_select start
2017-10-13 09:54:17,628 project.py[line:33] INFO init_project_select end
2017-10-13 09:54:19,661 project.py[line:26] INFO init_project_select start
2017-10-13 09:54:19,665 project.py[line:33] INFO init_project_select end
2017-10-13 09:54:31,928 project.py[line:26] INFO init_project_select start
2017-10-13 09:54:31,930 project.py[line:33] INFO init_project_select end
2017-10-13 09:54:34,331 project.py[line:26] INFO init_project_select start
2017-10-13 09:54:34,336 project.py[line:33] INFO init_project_select end
2017-10-13 09:54:56,456 project.py[line:26] INFO init_project_select start
2017-10-13 09:54:56,460 project.py[line:33] INFO init_project_select end
2017-10-13 09:55:04,891 project.py[line:26] INFO init_project_select start
2017-10-13 09:55:04,901 project.py[line:33] INFO init_project_select end
2017-10-13 09:55:59,197 project.py[line:26] INFO init_project_select start
2017-10-13 09:55:59,201 project.py[line:33] INFO init_project_select end
2017-10-13 10:56:55,035 project.py[line:26] INFO init_project_select start
2017-10-13 10:56:55,038 project.py[line:33] INFO init_project_select end
2017-10-13 10:56:58,065 project.py[line:26] INFO init_project_select start
2017-10-13 10:56:58,072 project.py[line:33] INFO init_project_select end
2017-10-13 10:59:09,809 project.py[line:26] INFO init_project_select start
2017-10-13 10:59:09,812 project.py[line:33] INFO init_project_select end
2017-10-13 10:59:11,816 project.py[line:26] INFO init_project_select start
2017-10-13 10:59:11,821 project.py[line:33] INFO init_project_select end
2017-10-13 10:59:40,148 project.py[line:26] INFO init_project_select start
2017-10-13 10:59:40,151 project.py[line:33] INFO init_project_select end
2017-10-13 11:05:04,671 project.py[line:26] INFO init_project_select start
2017-10-13 11:05:04,693 project.py[line:33] INFO init_project_select end
2017-10-13 11:05:06,573 project.py[line:26] INFO init_project_select start
2017-10-13 11:05:06,581 project.py[line:33] INFO init_project_select end
2017-10-13 11:05:24,361 project.py[line:26] INFO init_project_select start
2017-10-13 11:05:24,371 project.py[line:33] INFO init_project_select end
2017-10-13 11:05:26,437 project.py[line:26] INFO init_project_select start
2017-10-13 11:05:26,469 project.py[line:33] INFO init_project_select end
2017-10-13 11:09:10,592 project.py[line:26] INFO init_project_select start
2017-10-13 11:09:10,598 project.py[line:33] INFO init_project_select end
2017-10-13 11:09:12,786 project.py[line:26] INFO init_project_select start
2017-10-13 11:09:12,792 project.py[line:33] INFO init_project_select end
2017-10-13 11:10:01,470 project.py[line:26] INFO init_project_select start
2017-10-13 11:10:01,477 project.py[line:33] INFO init_project_select end
2017-10-13 11:10:03,302 project.py[line:26] INFO init_project_select start
2017-10-13 11:10:03,305 project.py[line:33] INFO init_project_select end
2017-10-13 11:11:33,937 project.py[line:26] INFO init_project_select start
2017-10-13 11:11:33,944 project.py[line:33] INFO init_project_select end
2017-10-13 11:11:35,602 project.py[line:26] INFO init_project_select start
2017-10-13 11:11:35,605 project.py[line:33] INFO init_project_select end
2017-10-13 11:11:53,329 project.py[line:26] INFO init_project_select start
2017-10-13 11:11:53,338 project.py[line:33] INFO init_project_select end
2017-10-13 11:11:55,483 project.py[line:26] INFO init_project_select start
2017-10-13 11:11:55,489 project.py[line:33] INFO init_project_select end
2017-10-13 11:11:56,884 project.py[line:26] INFO init_project_select start
2017-10-13 11:11:56,891 project.py[line:33] INFO init_project_select end
2017-10-13 11:13:15,644 project.py[line:26] INFO init_project_select start
2017-10-13 11:13:15,654 project.py[line:33] INFO init_project_select end
2017-10-13 11:13:16,799 project.py[line:26] INFO init_project_select start
2017-10-13 11:13:16,805 project.py[line:33] INFO init_project_select end
2017-10-13 11:14:27,411 project.py[line:26] INFO init_project_select start
2017-10-13 11:14:27,421 project.py[line:33] INFO init_project_select end
2017-10-13 11:14:29,016 project.py[line:26] INFO init_project_select start
2017-10-13 11:14:29,022 project.py[line:33] INFO init_project_select end
2017-10-13 11:16:43,585 project.py[line:26] INFO init_project_select start
2017-10-13 11:16:43,589 project.py[line:33] INFO init_project_select end
2017-10-13 11:18:59,019 project.py[line:26] INFO init_project_select start
2017-10-13 11:18:59,023 project.py[line:33] INFO init_project_select end
2017-10-13 11:20:22,779 project.py[line:26] INFO init_project_select start
2017-10-13 11:20:22,783 project.py[line:33] INFO init_project_select end
2017-10-13 11:23:58,342 project.py[line:26] INFO init_project_select start
2017-10-13 11:23:58,349 project.py[line:33] INFO init_project_select end
2017-10-13 11:29:07,431 project.py[line:26] INFO init_project_select start
2017-10-13 11:29:07,436 project.py[line:33] INFO init_project_select end
2017-10-13 11:30:11,671 project.py[line:123] INFO project_select start
2017-10-13 11:30:11,680 project.py[line:165] INFO projectList:[]
2017-10-13 11:30:11,681 project.py[line:170] INFO project_select end
2017-10-13 13:52:21,714 project.py[line:26] INFO init_project_select start
2017-10-13 13:52:21,717 project.py[line:33] INFO init_project_select end
2017-10-13 13:52:27,125 project.py[line:26] INFO init_project_select start
2017-10-13 13:52:27,131 project.py[line:33] INFO init_project_select end
2017-10-13 13:52:30,987 project.py[line:26] INFO init_project_select start
2017-10-13 13:52:30,996 project.py[line:33] INFO init_project_select end
2017-10-13 13:55:11,667 project.py[line:26] INFO init_project_select start
2017-10-13 13:55:11,670 project.py[line:33] INFO init_project_select end
2017-10-13 13:55:35,513 project.py[line:26] INFO init_project_select start
2017-10-13 13:55:35,516 project.py[line:33] INFO init_project_select end
2017-10-13 13:56:19,450 project.py[line:26] INFO init_project_select start
2017-10-13 13:56:19,457 project.py[line:33] INFO init_project_select end
2017-10-13 13:57:02,710 project.py[line:26] INFO init_project_select start
2017-10-13 13:57:02,717 project.py[line:33] INFO init_project_select end
2017-10-13 13:57:45,062 project.py[line:26] INFO init_project_select start
2017-10-13 13:57:45,066 project.py[line:33] INFO init_project_select end
2017-10-13 14:00:15,963 project.py[line:26] INFO init_project_select start
2017-10-13 14:00:15,973 project.py[line:33] INFO init_project_select end
2017-10-13 14:00:19,678 project.py[line:26] INFO init_project_select start
2017-10-13 14:00:19,683 project.py[line:33] INFO init_project_select end
2017-10-13 14:24:28,526 project.py[line:26] INFO init_project_select start
2017-10-13 14:24:28,551 project.py[line:33] INFO init_project_select end
2017-10-13 14:25:42,315 project.py[line:26] INFO init_project_select start
2017-10-13 14:25:42,335 project.py[line:33] INFO init_project_select end
2017-10-13 14:25:45,694 project.py[line:26] INFO init_project_select start
2017-10-13 14:25:45,697 project.py[line:33] INFO init_project_select end
2017-10-13 14:29:25,996 project.py[line:26] INFO init_project_select start
2017-10-13 14:29:26,016 project.py[line:33] INFO init_project_select end
2017-10-13 14:29:29,723 project.py[line:26] INFO init_project_select start
2017-10-13 14:29:29,734 project.py[line:33] INFO init_project_select end
2017-10-13 14:29:37,045 project.py[line:26] INFO init_project_select start
2017-10-13 14:29:37,049 project.py[line:33] INFO init_project_select end
2017-10-13 14:34:46,878 project.py[line:26] INFO init_project_select start
2017-10-13 14:34:46,898 project.py[line:33] INFO init_project_select end
2017-10-13 14:34:50,703 project.py[line:26] INFO init_project_select start
2017-10-13 14:34:50,710 project.py[line:33] INFO init_project_select end
2017-10-13 14:51:37,723 project.py[line:26] INFO init_project_select start
2017-10-13 14:51:37,727 project.py[line:33] INFO init_project_select end
2017-10-13 14:53:31,834 project.py[line:26] INFO init_project_select start
2017-10-13 14:53:31,836 project.py[line:33] INFO init_project_select end
2017-10-13 14:54:11,262 project.py[line:26] INFO init_project_select start
2017-10-13 14:54:11,269 project.py[line:33] INFO init_project_select end
2017-10-13 15:06:49,542 project.py[line:26] INFO init_project_select start
2017-10-13 15:06:49,546 project.py[line:33] INFO init_project_select end
2017-10-13 15:06:55,658 project.py[line:26] INFO init_project_select start
2017-10-13 15:06:55,673 project.py[line:33] INFO init_project_select end
2017-10-13 15:07:11,447 project.py[line:26] INFO init_project_select start
2017-10-13 15:07:11,457 project.py[line:33] INFO init_project_select end
2017-10-13 15:08:05,009 project.py[line:26] INFO init_project_select start
2017-10-13 15:08:05,029 project.py[line:33] INFO init_project_select end
2017-10-13 15:08:10,582 project.py[line:26] INFO init_project_select start
2017-10-13 15:08:10,586 project.py[line:33] INFO init_project_select end
2017-10-13 15:08:16,098 project.py[line:26] INFO init_project_select start
2017-10-13 15:08:16,111 project.py[line:33] INFO init_project_select end
2017-10-13 15:08:23,947 project.py[line:26] INFO init_project_select start
2017-10-13 15:08:23,957 project.py[line:33] INFO init_project_select end
2017-10-13 15:08:31,581 project.py[line:26] INFO init_project_select start
2017-10-13 15:08:31,595 project.py[line:33] INFO init_project_select end
2017-10-13 15:08:34,947 project.py[line:26] INFO init_project_select start
2017-10-13 15:08:34,957 project.py[line:33] INFO init_project_select end
2017-10-13 15:09:06,259 project.py[line:26] INFO init_project_select start
2017-10-13 15:09:06,273 project.py[line:33] INFO init_project_select end
2017-10-13 15:09:28,918 project.py[line:26] INFO init_project_select start
2017-10-13 15:09:28,924 project.py[line:33] INFO init_project_select end
2017-10-13 15:11:15,357 project.py[line:26] INFO init_project_select start
2017-10-13 15:11:15,362 project.py[line:33] INFO init_project_select end
2017-10-13 15:11:17,125 project.py[line:26] INFO init_project_select start
2017-10-13 15:11:17,147 project.py[line:33] INFO init_project_select end
2017-10-13 15:11:19,493 project.py[line:26] INFO init_project_select start
2017-10-13 15:11:19,499 project.py[line:33] INFO init_project_select end
2017-10-13 15:11:23,440 project.py[line:26] INFO init_project_select start
2017-10-13 15:11:23,441 project.py[line:33] INFO init_project_select end
2017-10-13 15:35:38,463 project.py[line:26] INFO init_project_select start
2017-10-13 15:35:38,467 project.py[line:33] INFO init_project_select end
2017-10-13 15:35:41,437 project.py[line:26] INFO init_project_select start
2017-10-13 15:35:41,453 project.py[line:33] INFO init_project_select end
2017-10-13 15:36:15,177 project.py[line:26] INFO init_project_select start
2017-10-13 15:36:15,178 project.py[line:33] INFO init_project_select end
2017-10-13 15:36:18,173 project.py[line:26] INFO init_project_select start
2017-10-13 15:36:18,186 project.py[line:33] INFO init_project_select end
2017-10-13 15:36:20,878 project.py[line:26] INFO init_project_select start
2017-10-13 15:36:20,898 project.py[line:33] INFO init_project_select end
2017-10-13 15:37:48,413 project.py[line:26] INFO init_project_select start
2017-10-13 15:37:48,415 project.py[line:33] INFO init_project_select end
2017-10-13 15:37:52,046 project.py[line:26] INFO init_project_select start
2017-10-13 15:37:52,056 project.py[line:33] INFO init_project_select end
2017-10-13 15:38:56,296 project.py[line:26] INFO init_project_select start
2017-10-13 15:38:56,305 project.py[line:33] INFO init_project_select end
2017-10-13 15:39:46,125 project.py[line:26] INFO init_project_select start
2017-10-13 15:39:46,141 project.py[line:33] INFO init_project_select end
2017-10-13 15:39:51,119 project.py[line:26] INFO init_project_select start
2017-10-13 15:39:51,128 project.py[line:33] INFO init_project_select end
2017-10-13 15:40:21,805 project.py[line:26] INFO init_project_select start
2017-10-13 15:40:21,815 project.py[line:33] INFO init_project_select end
2017-10-13 15:41:06,407 project.py[line:26] INFO init_project_select start
2017-10-13 15:41:06,420 project.py[line:33] INFO init_project_select end
2017-10-13 15:47:14,529 project.py[line:26] INFO init_project_select start
2017-10-13 15:47:14,539 project.py[line:33] INFO init_project_select end
2017-10-13 15:47:20,282 project.py[line:26] INFO init_project_select start
2017-10-13 15:47:20,290 project.py[line:33] INFO init_project_select end
2017-10-13 15:49:38,410 project.py[line:26] INFO init_project_select start
2017-10-13 15:49:38,414 project.py[line:33] INFO init_project_select end
2017-10-13 15:49:41,878 project.py[line:26] INFO init_project_select start
2017-10-13 15:49:41,898 project.py[line:33] INFO init_project_select end
2017-10-13 15:53:00,410 project.py[line:26] INFO init_project_select start
2017-10-13 15:53:00,433 project.py[line:33] INFO init_project_select end
2017-10-13 15:55:22,971 project.py[line:26] INFO init_project_select start
2017-10-13 15:55:23,002 project.py[line:33] INFO init_project_select end
2017-10-13 15:55:25,365 project.py[line:26] INFO init_project_select start
2017-10-13 15:55:25,380 project.py[line:33] INFO init_project_select end
2017-10-13 15:57:46,141 project.py[line:26] INFO init_project_select start
2017-10-13 15:57:46,160 project.py[line:33] INFO init_project_select end
2017-10-13 15:58:07,838 project.py[line:26] INFO init_project_select start
2017-10-13 15:58:07,848 project.py[line:33] INFO init_project_select end
2017-10-13 15:58:10,411 project.py[line:26] INFO init_project_select start
2017-10-13 15:58:10,424 project.py[line:33] INFO init_project_select end
2017-10-13 15:59:44,007 project.py[line:26] INFO init_project_select start
2017-10-13 15:59:44,009 project.py[line:33] INFO init_project_select end
2017-10-13 15:59:47,492 project.py[line:26] INFO init_project_select start
2017-10-13 15:59:47,505 project.py[line:33] INFO init_project_select end
2017-10-13 15:59:51,854 project.py[line:26] INFO init_project_select start
2017-10-13 15:59:51,868 project.py[line:33] INFO init_project_select end
2017-10-13 16:01:20,848 project.py[line:26] INFO init_project_select start
2017-10-13 16:01:20,851 project.py[line:33] INFO init_project_select end
2017-10-13 16:01:24,154 project.py[line:26] INFO init_project_select start
2017-10-13 16:01:24,161 project.py[line:33] INFO init_project_select end
2017-10-13 16:01:28,349 project.py[line:26] INFO init_project_select start
2017-10-13 16:01:28,371 project.py[line:33] INFO init_project_select end
2017-10-13 16:21:09,299 project.py[line:26] INFO init_project_select start
2017-10-13 16:21:09,302 project.py[line:33] INFO init_project_select end
2017-10-13 16:43:18,454 project.py[line:26] INFO init_project_select start
2017-10-13 16:43:18,459 project.py[line:33] INFO init_project_select end
2017-10-13 16:47:28,009 project.py[line:26] INFO init_project_select start
2017-10-13 16:47:28,013 project.py[line:33] INFO init_project_select end
2017-10-13 17:38:00,378 project.py[line:26] INFO init_project_select start
2017-10-13 17:38:00,382 project.py[line:33] INFO init_project_select end
2017-10-13 17:38:19,816 project.py[line:26] INFO init_project_select start
2017-10-13 17:38:19,832 project.py[line:33] INFO init_project_select end
2017-10-13 17:40:36,658 project.py[line:26] INFO init_project_select start
2017-10-13 17:40:36,664 project.py[line:33] INFO init_project_select end
2017-10-13 17:41:26,371 project.py[line:26] INFO init_project_select start
2017-10-13 17:41:26,387 project.py[line:33] INFO init_project_select end
2017-10-13 17:42:00,227 project.py[line:26] INFO init_project_select start
2017-10-13 17:42:00,233 project.py[line:33] INFO init_project_select end
2017-10-13 17:43:22,789 project.py[line:26] INFO init_project_select start
2017-10-13 17:43:22,796 project.py[line:33] INFO init_project_select end
2017-10-13 17:43:29,223 project.py[line:26] INFO init_project_select start
2017-10-13 17:43:29,226 project.py[line:33] INFO init_project_select end
2017-10-13 17:43:36,529 project.py[line:26] INFO init_project_select start
2017-10-13 17:43:36,539 project.py[line:33] INFO init_project_select end
2017-10-13 17:45:41,661 project.py[line:26] INFO init_project_select start
2017-10-13 17:45:41,664 project.py[line:33] INFO init_project_select end
2017-10-13 17:46:52,796 project.py[line:26] INFO init_project_select start
2017-10-13 17:46:52,808 project.py[line:33] INFO init_project_select end
2017-10-13 17:46:56,658 project.py[line:26] INFO init_project_select start
2017-10-13 17:46:56,661 project.py[line:33] INFO init_project_select end
2017-10-13 17:47:34,035 project.py[line:26] INFO init_project_select start
2017-10-13 17:47:34,039 project.py[line:33] INFO init_project_select end
2017-10-13 17:47:37,411 project.py[line:26] INFO init_project_select start
2017-10-13 17:47:37,414 project.py[line:33] INFO init_project_select end
2017-10-13 17:48:19,203 project.py[line:26] INFO init_project_select start
2017-10-13 17:48:19,209 project.py[line:33] INFO init_project_select end
2017-10-13 17:49:02,042 project.py[line:26] INFO init_project_select start
2017-10-13 17:49:02,052 project.py[line:33] INFO init_project_select end
2017-10-13 17:49:05,459 project.py[line:26] INFO init_project_select start
2017-10-13 17:49:05,467 project.py[line:33] INFO init_project_select end
2017-10-13 17:49:32,983 project.py[line:26] INFO init_project_select start
2017-10-13 17:49:32,986 project.py[line:33] INFO init_project_select end
2017-10-13 17:50:14,726 project.py[line:26] INFO init_project_select start
2017-10-13 17:50:14,737 project.py[line:33] INFO init_project_select end
2017-10-13 17:50:28,362 project.py[line:26] INFO init_project_select start
2017-10-13 17:50:28,371 project.py[line:33] INFO init_project_select end
2017-10-13 18:06:37,267 project.py[line:26] INFO init_project_select start
2017-10-13 18:06:37,270 project.py[line:33] INFO init_project_select end
2017-10-13 18:08:57,200 project.py[line:26] INFO init_project_select start
2017-10-13 18:08:57,207 project.py[line:33] INFO init_project_select end
2017-10-13 18:09:28,657 project.py[line:26] INFO init_project_select start
2017-10-13 18:09:28,664 project.py[line:33] INFO init_project_select end
2017-10-13 18:12:15,634 project.py[line:26] INFO init_project_select start
2017-10-13 18:12:15,638 project.py[line:33] INFO init_project_select end
2017-10-13 18:33:34,513 project.py[line:26] INFO init_project_select start
2017-10-13 18:33:34,517 project.py[line:33] INFO init_project_select end
2017-10-13 18:37:53,907 project.py[line:26] INFO init_project_select start
2017-10-13 18:37:53,910 project.py[line:33] INFO init_project_select end
2017-10-13 18:39:20,615 project.py[line:26] INFO init_project_select start
2017-10-13 18:39:20,622 project.py[line:33] INFO init_project_select end
2017-10-13 18:39:23,484 project.py[line:26] INFO init_project_select start
2017-10-13 18:39:23,503 project.py[line:33] INFO init_project_select end
2017-10-13 18:40:35,051 project.py[line:123] INFO project_select start
2017-10-13 18:40:35,058 project.py[line:165] INFO projectList:[]
2017-10-13 18:40:35,058 project.py[line:170] INFO project_select end
2017-10-13 18:42:02,806 project.py[line:26] INFO init_project_select start
2017-10-13 18:42:02,826 project.py[line:33] INFO init_project_select end
2017-10-13 18:44:20,898 project.py[line:26] INFO init_project_select start
2017-10-13 18:44:20,921 project.py[line:33] INFO init_project_select end
2017-10-13 18:51:38,200 project.py[line:26] INFO init_project_select start
2017-10-13 18:51:38,201 project.py[line:33] INFO init_project_select end
2017-10-13 18:51:41,486 project.py[line:26] INFO init_project_select start
2017-10-13 18:51:41,500 project.py[line:33] INFO init_project_select end
