2017-10-17 09:32:49,960 authoritydb.py[line:25] INFO login start
2017-10-17 09:32:49,971 authoritydb.py[line:243] INFO md5 start
2017-10-17 09:32:49,971 authoritydb.py[line:246] INFO md5 end
2017-10-17 09:32:50,046 authoritydb.py[line:50] INFO jzyuan登陆成功
2017-10-17 09:32:50,046 authoritydb.py[line:99] INFO login end
2017-10-17 09:32:50,644 authoritydb.py[line:756] INFO JobStatusStatics start
2017-10-17 09:32:50,759 authoritydb.py[line:834] INFO JobStatusStatics end
2017-10-17 10:05:48,842 authoritydb.py[line:756] INFO JobStatusStatics start
2017-10-17 10:05:49,048 authoritydb.py[line:834] INFO JobStatusStatics end
2017-10-17 10:07:33,823 authoritydb.py[line:25] INFO login start
2017-10-17 10:07:33,836 authoritydb.py[line:243] INFO md5 start
2017-10-17 10:07:33,836 authoritydb.py[line:246] INFO md5 end
2017-10-17 10:07:33,845 authoritydb.py[line:50] INFO jzyuan登陆成功
2017-10-17 10:07:33,845 authoritydb.py[line:99] INFO login end
2017-10-17 10:07:34,490 authoritydb.py[line:756] INFO JobStatusStatics start
2017-10-17 10:07:34,605 authoritydb.py[line:834] INFO JobStatusStatics end
2017-10-17 10:09:02,615 authoritydb.py[line:25] INFO login start
2017-10-17 10:09:02,625 authoritydb.py[line:243] INFO md5 start
2017-10-17 10:09:02,627 authoritydb.py[line:246] INFO md5 end
2017-10-17 10:09:02,634 authoritydb.py[line:50] INFO jzyuan登陆成功
2017-10-17 10:09:02,634 authoritydb.py[line:99] INFO login end
2017-10-17 10:09:03,295 authoritydb.py[line:756] INFO JobStatusStatics start
2017-10-17 10:09:03,417 authoritydb.py[line:834] INFO JobStatusStatics end
2017-10-17 10:10:03,592 authoritydb.py[line:756] INFO JobStatusStatics start
2017-10-17 10:10:03,721 authoritydb.py[line:834] INFO JobStatusStatics end
2017-10-17 10:12:08,118 authoritydb.py[line:756] INFO JobStatusStatics start
2017-10-17 10:12:08,246 authoritydb.py[line:834] INFO JobStatusStatics end
2017-10-17 10:37:39,151 authoritydb.py[line:756] INFO JobStatusStatics start
2017-10-17 10:37:39,305 authoritydb.py[line:834] INFO JobStatusStatics end
2017-10-17 10:38:25,512 authoritydb.py[line:756] INFO JobStatusStatics start
2017-10-17 10:38:25,681 authoritydb.py[line:834] INFO JobStatusStatics end
2017-10-17 10:42:24,321 authoritydb.py[line:756] INFO JobStatusStatics start
2017-10-17 10:42:24,463 authoritydb.py[line:834] INFO JobStatusStatics end
2017-10-17 10:43:42,584 authoritydb.py[line:756] INFO JobStatusStatics start
2017-10-17 10:43:42,707 authoritydb.py[line:834] INFO JobStatusStatics end
2017-10-17 14:23:19,295 authoritydb.py[line:25] INFO login start
2017-10-17 14:23:19,306 authoritydb.py[line:243] INFO md5 start
2017-10-17 14:23:19,309 authoritydb.py[line:246] INFO md5 end
2017-10-17 14:23:19,338 authoritydb.py[line:50] INFO jzyuan登陆成功
2017-10-17 14:23:19,339 authoritydb.py[line:99] INFO login end
2017-10-17 14:23:20,198 authoritydb.py[line:757] INFO JobStatusStatics start
2017-10-17 14:23:20,377 authoritydb.py[line:835] INFO JobStatusStatics end
2017-10-17 14:25:50,440 authoritydb.py[line:757] INFO JobStatusStatics start
2017-10-17 14:25:50,573 authoritydb.py[line:821] INFO job not exist
2017-10-17 14:25:50,595 authoritydb.py[line:835] INFO JobStatusStatics end
2017-10-17 14:34:45,846 authoritydb.py[line:757] INFO JobStatusStatics start
2017-10-17 14:34:45,971 authoritydb.py[line:807] INFO job exist
2017-10-17 14:34:45,996 authoritydb.py[line:835] INFO JobStatusStatics end
2017-10-17 14:37:39,098 authoritydb.py[line:757] INFO JobStatusStatics start
2017-10-17 14:37:39,230 authoritydb.py[line:807] INFO job exist
2017-10-17 14:37:39,256 authoritydb.py[line:835] INFO JobStatusStatics end
2017-10-17 14:43:38,877 authoritydb.py[line:757] INFO JobStatusStatics start
2017-10-17 14:43:38,993 authoritydb.py[line:807] INFO job exist
2017-10-17 14:43:39,019 authoritydb.py[line:835] INFO JobStatusStatics end
2017-10-17 14:46:54,917 authoritydb.py[line:757] INFO JobStatusStatics start
2017-10-17 14:46:55,059 authoritydb.py[line:807] INFO job exist
2017-10-17 14:46:55,140 authoritydb.py[line:835] INFO JobStatusStatics end
2017-10-17 14:47:02,611 authoritydb.py[line:757] INFO JobStatusStatics start
2017-10-17 14:47:02,729 authoritydb.py[line:807] INFO job exist
2017-10-17 14:47:02,753 authoritydb.py[line:835] INFO JobStatusStatics end
2017-10-17 14:47:17,651 authoritydb.py[line:757] INFO JobStatusStatics start
2017-10-17 14:47:17,799 authoritydb.py[line:807] INFO job exist
2017-10-17 14:47:17,826 authoritydb.py[line:835] INFO JobStatusStatics end
2017-10-17 14:47:40,371 authoritydb.py[line:25] INFO login start
2017-10-17 14:47:40,381 authoritydb.py[line:243] INFO md5 start
2017-10-17 14:47:40,382 authoritydb.py[line:246] INFO md5 end
2017-10-17 14:47:40,390 authoritydb.py[line:50] INFO jzyuan登陆成功
2017-10-17 14:47:40,390 authoritydb.py[line:99] INFO login end
2017-10-17 14:47:41,084 authoritydb.py[line:757] INFO JobStatusStatics start
2017-10-17 14:47:41,226 authoritydb.py[line:807] INFO job exist
2017-10-17 14:47:41,250 authoritydb.py[line:835] INFO JobStatusStatics end
2017-10-17 14:48:17,269 authoritydb.py[line:757] INFO JobStatusStatics start
2017-10-17 14:48:17,423 authoritydb.py[line:807] INFO job exist
2017-10-17 14:48:17,446 authoritydb.py[line:835] INFO JobStatusStatics end
2017-10-17 14:49:29,763 authoritydb.py[line:757] INFO JobStatusStatics start
2017-10-17 14:49:29,944 authoritydb.py[line:807] INFO job exist
2017-10-17 14:49:29,974 authoritydb.py[line:835] INFO JobStatusStatics end
2017-10-17 14:49:50,494 authoritydb.py[line:25] INFO login start
2017-10-17 14:49:50,506 authoritydb.py[line:243] INFO md5 start
2017-10-17 14:49:50,509 authoritydb.py[line:246] INFO md5 end
2017-10-17 14:49:50,517 authoritydb.py[line:50] INFO jzyuan登陆成功
2017-10-17 14:49:50,517 authoritydb.py[line:99] INFO login end
2017-10-17 14:49:51,207 authoritydb.py[line:757] INFO JobStatusStatics start
2017-10-17 14:49:51,338 authoritydb.py[line:807] INFO job exist
2017-10-17 14:49:51,362 authoritydb.py[line:835] INFO JobStatusStatics end
2017-10-17 14:53:15,388 authoritydb.py[line:757] INFO JobStatusStatics start
2017-10-17 14:53:15,528 authoritydb.py[line:807] INFO job exist
2017-10-17 14:53:15,553 authoritydb.py[line:835] INFO JobStatusStatics end
