2017-10-16 09:49:18,180 playbook.py[line:89] INFO playbook_select start
2017-10-16 09:49:18,193 playbook.py[line:137] INFO playbook_select end
2017-10-16 09:49:56,885 playbook.py[line:89] INFO playbook_select start
2017-10-16 09:49:56,895 playbook.py[line:137] INFO playbook_select end
2017-10-16 09:57:31,588 playbook.py[line:89] INFO playbook_select start
2017-10-16 09:57:31,598 playbook.py[line:137] INFO playbook_select end
2017-10-16 09:58:10,352 playbook.py[line:37] INFO {'owner': u'all', 'content': u'', 'myFile': <InMemoryUploadedFile: ffffff.yaml (application/octet-stream)>, 'name': u'pb_test', 'description': u'test'}
2017-10-16 10:05:16,565 playbook.py[line:37] INFO {'owner': u'all', 'content': u'', 'myFile': <InMemoryUploadedFile: ffffff.yaml (application/octet-stream)>, 'name': u'pb_test', 'description': u'test'}
2017-10-16 10:07:38,707 playbook.py[line:89] INFO playbook_select start
2017-10-16 10:07:38,713 playbook.py[line:137] INFO playbook_select end
2017-10-16 10:08:41,365 playbook.py[line:37] INFO {'owner': u'onlyOne', 'content': u'', 'myFile': <InMemoryUploadedFile: ffffff.yaml (application/octet-stream)>, 'name': u'gfgfhf', 'description': u'gfhfgh'}
2017-10-16 10:17:35,308 playbook.py[line:89] INFO playbook_select start
2017-10-16 10:17:35,316 playbook.py[line:137] INFO playbook_select end
2017-10-16 10:17:44,253 playbook.py[line:37] INFO {'owner': u'onlyOne', 'content': u'', 'myFile': <InMemoryUploadedFile: ffffff.yaml (application/octet-stream)>, 'name': u'vfgfg', 'description': u'fgfgfg'}
2017-10-16 10:19:47,755 playbook.py[line:89] INFO playbook_select start
2017-10-16 10:19:47,763 playbook.py[line:137] INFO playbook_select end
2017-10-16 10:19:57,753 playbook.py[line:37] INFO {'owner': u'onlyOne', 'content': u'', 'myFile': <InMemoryUploadedFile: ffffff.yaml (application/octet-stream)>, 'name': u'dffdfd', 'description': u'fdsff'}
2017-10-16 10:20:32,970 playbook.py[line:89] INFO playbook_select start
2017-10-16 10:20:32,980 playbook.py[line:137] INFO playbook_select end
2017-10-16 11:23:05,263 playbook.py[line:90] INFO playbook_select start
2017-10-16 11:23:05,273 playbook.py[line:138] INFO playbook_select end
2017-10-16 11:23:15,286 playbook.py[line:37] INFO {'owner': u'onlyOne', 'content': u'', 'myFile': <InMemoryUploadedFile: ffffff.yaml (application/octet-stream)>, 'name': u'vvcvv', 'description': u'vcvcv'}
2017-10-16 11:23:17,934 playbook.py[line:90] INFO playbook_select start
2017-10-16 11:23:17,944 playbook.py[line:138] INFO playbook_select end
2017-10-16 11:31:21,470 playbook.py[line:96] INFO playbook_select start
2017-10-16 11:31:21,490 playbook.py[line:144] INFO playbook_select end
2017-10-16 11:31:30,322 playbook.py[line:43] INFO {'owner': u'onlyOne', 'content': u'', 'myFile': <InMemoryUploadedFile: ffffff.yaml (application/octet-stream)>, 'name': u'vbbbbbbb', 'description': u'bbbbb'}
2017-10-16 11:31:33,421 playbook.py[line:96] INFO playbook_select start
2017-10-16 11:31:33,430 playbook.py[line:144] INFO playbook_select end
2017-10-16 11:31:34,555 playbook.py[line:96] INFO playbook_select start
2017-10-16 11:31:34,563 playbook.py[line:144] INFO playbook_select end
2017-10-16 11:52:18,515 playbook.py[line:96] INFO playbook_select start
2017-10-16 11:52:18,526 playbook.py[line:144] INFO playbook_select end
