2017-10-13 09:15:16,572 playbook.py[line:84] INFO playbook_select start
2017-10-13 09:15:16,591 playbook.py[line:132] INFO playbook_select end
2017-10-13 09:16:51,868 playbook.py[line:84] INFO playbook_select start
2017-10-13 09:16:51,890 playbook.py[line:132] INFO playbook_select end
2017-10-13 09:17:55,555 playbook.py[line:84] INFO playbook_select start
2017-10-13 09:17:55,565 playbook.py[line:132] INFO playbook_select end
2017-10-13 09:29:49,148 jobsdb.py[line:15] INFO jobs_select start
2017-10-13 09:29:49,158 jobsdb.py[line:72] INFO jobs_select end
2017-10-13 09:49:00,211 playbook.py[line:84] INFO playbook_select start
2017-10-13 09:49:00,223 playbook.py[line:132] INFO playbook_select end
2017-10-13 09:49:05,614 playbook.py[line:84] INFO playbook_select start
2017-10-13 09:49:05,625 playbook.py[line:132] INFO playbook_select end
2017-10-13 09:49:08,954 playbook.py[line:84] INFO playbook_select start
2017-10-13 09:49:08,964 playbook.py[line:132] INFO playbook_select end
2017-10-13 09:49:11,483 playbook.py[line:84] INFO playbook_select start
2017-10-13 09:49:11,490 playbook.py[line:132] INFO playbook_select end
2017-10-13 09:49:13,177 playbook.py[line:84] INFO playbook_select start
2017-10-13 09:49:13,188 playbook.py[line:132] INFO playbook_select end
2017-10-13 09:49:17,720 playbook.py[line:84] INFO playbook_select start
2017-10-13 09:49:17,729 playbook.py[line:132] INFO playbook_select end
2017-10-13 09:49:19,746 playbook.py[line:84] INFO playbook_select start
2017-10-13 09:49:19,753 playbook.py[line:132] INFO playbook_select end
2017-10-13 09:49:22,477 playbook.py[line:84] INFO playbook_select start
2017-10-13 09:49:22,493 playbook.py[line:132] INFO playbook_select end
2017-10-13 09:49:27,303 playbook.py[line:84] INFO playbook_select start
2017-10-13 09:49:27,312 playbook.py[line:132] INFO playbook_select end
2017-10-13 09:49:27,917 playbook.py[line:84] INFO playbook_select start
2017-10-13 09:49:27,924 playbook.py[line:132] INFO playbook_select end
2017-10-13 09:49:29,522 playbook.py[line:84] INFO playbook_select start
2017-10-13 09:49:29,532 playbook.py[line:132] INFO playbook_select end
2017-10-13 09:49:31,608 playbook.py[line:84] INFO playbook_select start
2017-10-13 09:49:31,621 playbook.py[line:132] INFO playbook_select end
2017-10-13 09:53:58,036 playbook.py[line:84] INFO playbook_select start
2017-10-13 09:53:58,046 playbook.py[line:132] INFO playbook_select end
2017-10-13 09:54:18,779 playbook.py[line:84] INFO playbook_select start
2017-10-13 09:54:18,788 playbook.py[line:132] INFO playbook_select end
2017-10-13 09:54:32,658 playbook.py[line:84] INFO playbook_select start
2017-10-13 09:54:32,668 playbook.py[line:132] INFO playbook_select end
2017-10-13 09:55:00,359 playbook.py[line:84] INFO playbook_select start
2017-10-13 09:55:00,374 playbook.py[line:132] INFO playbook_select end
2017-10-13 10:56:56,227 playbook.py[line:89] INFO playbook_select start
2017-10-13 10:56:56,240 playbook.py[line:137] INFO playbook_select end
2017-10-13 10:57:11,571 playbook.py[line:37] INFO {'owner': u'onlyOne', 'content': u'', 'myFile': None, 'name': u'aaaaaa', 'description': u'aaaaaaaaaaaaa'}
2017-10-13 10:59:10,838 playbook.py[line:92] INFO playbook_select start
2017-10-13 10:59:10,851 playbook.py[line:140] INFO playbook_select end
2017-10-13 10:59:13,154 playbook.py[line:92] INFO playbook_select start
2017-10-13 10:59:13,168 playbook.py[line:140] INFO playbook_select end
2017-10-13 10:59:14,214 playbook.py[line:92] INFO playbook_select start
2017-10-13 10:59:14,226 playbook.py[line:140] INFO playbook_select end
2017-10-13 10:59:18,167 playbook.py[line:92] INFO playbook_select start
2017-10-13 10:59:18,180 playbook.py[line:140] INFO playbook_select end
2017-10-13 10:59:19,522 playbook.py[line:92] INFO playbook_select start
2017-10-13 10:59:19,530 playbook.py[line:140] INFO playbook_select end
2017-10-13 10:59:20,996 playbook.py[line:92] INFO playbook_select start
2017-10-13 10:59:21,003 playbook.py[line:140] INFO playbook_select end
2017-10-13 10:59:58,836 playbook.py[line:37] INFO {'owner': u'onlyOne', 'content': u'', 'myFile': <InMemoryUploadedFile: zxcvc.yaml (application/octet-stream)>, 'name': u'bbbb', 'description': u'bbb'}
2017-10-13 11:01:32,470 playbook.py[line:37] INFO {'owner': u'onlyOne', 'content': u'', 'myFile': <InMemoryUploadedFile: asdf.yaml (application/octet-stream)>, 'name': u'ccc', 'description': u'cc'}
2017-10-13 11:02:04,960 playbook.py[line:37] INFO {'owner': u'onlyOne', 'content': u'dsffsdfssssssssssssssss', 'myFile': <InMemoryUploadedFile: asdf.yaml (application/octet-stream)>, 'name': u'ddd', 'description': u'dd'}
2017-10-13 11:05:05,359 playbook.py[line:89] INFO playbook_select start
2017-10-13 11:05:05,378 playbook.py[line:137] INFO playbook_select end
2017-10-13 11:05:25,273 playbook.py[line:89] INFO playbook_select start
2017-10-13 11:05:25,286 playbook.py[line:137] INFO playbook_select end
2017-10-13 11:09:11,566 playbook.py[line:89] INFO playbook_select start
2017-10-13 11:09:11,584 playbook.py[line:137] INFO playbook_select end
2017-10-13 11:10:02,220 playbook.py[line:89] INFO playbook_select start
2017-10-13 11:10:02,253 playbook.py[line:137] INFO playbook_select end
2017-10-13 11:11:34,721 playbook.py[line:89] INFO playbook_select start
2017-10-13 11:11:34,744 playbook.py[line:137] INFO playbook_select end
2017-10-13 11:11:51,987 playbook.py[line:89] INFO playbook_select start
2017-10-13 11:11:51,994 playbook.py[line:137] INFO playbook_select end
2017-10-13 11:11:56,036 playbook.py[line:89] INFO playbook_select start
2017-10-13 11:11:56,052 playbook.py[line:137] INFO playbook_select end
2017-10-13 11:12:11,207 playbook.py[line:37] INFO {'owner': u'onlyOne', 'content': u'fffffffffffffff', 'myFile': None, 'name': u'fff', 'description': u'fff'}
2017-10-13 11:13:16,134 playbook.py[line:89] INFO playbook_select start
2017-10-13 11:13:16,141 playbook.py[line:137] INFO playbook_select end
2017-10-13 11:14:28,224 playbook.py[line:89] INFO playbook_select start
2017-10-13 11:14:28,240 playbook.py[line:137] INFO playbook_select end
2017-10-13 11:16:35,811 playbook.py[line:89] INFO playbook_select start
2017-10-13 11:16:35,825 playbook.py[line:137] INFO playbook_select end
2017-10-13 11:16:36,834 playbook.py[line:89] INFO playbook_select start
2017-10-13 11:16:36,841 playbook.py[line:137] INFO playbook_select end
2017-10-13 11:16:38,470 playbook.py[line:89] INFO playbook_select start
2017-10-13 11:16:38,480 playbook.py[line:137] INFO playbook_select end
2017-10-13 11:16:39,246 playbook.py[line:89] INFO playbook_select start
2017-10-13 11:16:39,253 playbook.py[line:137] INFO playbook_select end
2017-10-13 11:16:39,858 playbook.py[line:89] INFO playbook_select start
2017-10-13 11:16:39,869 playbook.py[line:137] INFO playbook_select end
2017-10-13 11:16:40,359 playbook.py[line:89] INFO playbook_select start
2017-10-13 11:16:40,368 playbook.py[line:137] INFO playbook_select end
2017-10-13 11:19:29,881 playbook.py[line:89] INFO playbook_select start
2017-10-13 11:19:29,892 playbook.py[line:137] INFO playbook_select end
2017-10-13 11:20:25,615 playbook.py[line:89] INFO playbook_select start
2017-10-13 11:20:25,627 playbook.py[line:137] INFO playbook_select end
2017-10-13 11:26:02,872 playbook.py[line:89] INFO playbook_select start
2017-10-13 11:26:02,887 playbook.py[line:137] INFO playbook_select end
2017-10-13 11:32:25,809 playbook.py[line:89] INFO playbook_select start
2017-10-13 11:32:25,818 playbook.py[line:137] INFO playbook_select end
2017-10-13 13:52:23,232 jobsdb.py[line:15] INFO jobs_select start
2017-10-13 13:52:23,240 jobsdb.py[line:72] INFO jobs_select end
2017-10-13 13:52:25,365 playbook.py[line:89] INFO playbook_select start
2017-10-13 13:52:25,380 playbook.py[line:137] INFO playbook_select end
2017-10-13 13:52:28,630 playbook.py[line:89] INFO playbook_select start
2017-10-13 13:52:28,641 playbook.py[line:137] INFO playbook_select end
2017-10-13 14:24:29,982 playbook.py[line:89] INFO playbook_select start
2017-10-13 14:24:29,993 playbook.py[line:137] INFO playbook_select end
2017-10-13 14:24:35,020 jobsdb.py[line:15] INFO jobs_select start
2017-10-13 14:37:43,259 playbook.py[line:89] INFO playbook_select start
2017-10-13 14:37:43,269 playbook.py[line:137] INFO playbook_select end
2017-10-13 14:45:11,703 jobsdb.py[line:15] INFO jobs_select start
2017-10-13 14:45:11,721 jobsdb.py[line:72] INFO jobs_select end
2017-10-13 14:53:52,579 jobsdb.py[line:15] INFO jobs_select start
2017-10-13 14:53:52,592 jobsdb.py[line:72] INFO jobs_select end
2017-10-13 15:11:22,470 playbook.py[line:89] INFO playbook_select start
2017-10-13 15:11:22,482 playbook.py[line:137] INFO playbook_select end
2017-10-13 16:20:49,230 playbook.py[line:89] INFO playbook_select start
2017-10-13 16:20:49,256 playbook.py[line:137] INFO playbook_select end
2017-10-13 16:43:19,773 playbook.py[line:89] INFO playbook_select start
2017-10-13 16:43:19,792 playbook.py[line:137] INFO playbook_select end
2017-10-13 16:43:22,075 playbook.py[line:89] INFO playbook_select start
2017-10-13 16:43:22,085 playbook.py[line:137] INFO playbook_select end
2017-10-13 16:43:22,484 playbook.py[line:89] INFO playbook_select start
2017-10-13 16:43:22,503 playbook.py[line:137] INFO playbook_select end
2017-10-13 16:46:05,368 playbook.py[line:89] INFO playbook_select start
2017-10-13 16:46:05,377 playbook.py[line:137] INFO playbook_select end
2017-10-13 16:47:28,921 playbook.py[line:89] INFO playbook_select start
2017-10-13 16:47:28,943 playbook.py[line:137] INFO playbook_select end
2017-10-13 17:38:10,592 playbook.py[line:89] INFO playbook_select start
2017-10-13 17:38:10,612 playbook.py[line:137] INFO playbook_select end
2017-10-13 17:38:11,757 playbook.py[line:89] INFO playbook_select start
2017-10-13 17:38:11,766 playbook.py[line:137] INFO playbook_select end
2017-10-13 17:38:12,951 playbook.py[line:89] INFO playbook_select start
2017-10-13 17:38:12,960 playbook.py[line:137] INFO playbook_select end
2017-10-13 17:38:13,865 playbook.py[line:89] INFO playbook_select start
2017-10-13 17:38:13,881 playbook.py[line:137] INFO playbook_select end
2017-10-13 17:40:37,894 playbook.py[line:89] INFO playbook_select start
2017-10-13 17:40:37,914 playbook.py[line:137] INFO playbook_select end
2017-10-13 17:40:38,986 playbook.py[line:89] INFO playbook_select start
2017-10-13 17:40:39,009 playbook.py[line:137] INFO playbook_select end
2017-10-13 17:40:48,352 playbook.py[line:143] INFO jobs_delete start
2017-10-13 17:40:48,364 playbook.py[line:163] ERROR ("Cannot delete some instances of model 'playbook' because they are referenced through a protected foreign key: 'T_JOB_TEMPLATE.PLAYBOOK_ID'", [<T_JOB_TEMPLATE: T_JOB_TEMPLATE object>, <T_JOB_TEMPLATE: T_JOB_TEMPLATE object>])
2017-10-13 17:40:48,368 playbook.py[line:166] INFO playbook_delete end
2017-10-13 17:40:48,411 playbook.py[line:89] INFO playbook_select start
2017-10-13 17:40:48,424 playbook.py[line:137] INFO playbook_select end
2017-10-13 17:41:05,851 playbook.py[line:89] INFO playbook_select start
2017-10-13 17:41:05,868 playbook.py[line:137] INFO playbook_select end
2017-10-13 17:41:13,734 playbook.py[line:143] INFO jobs_delete start
2017-10-13 17:41:13,779 playbook.py[line:166] INFO playbook_delete end
2017-10-13 17:41:13,821 playbook.py[line:89] INFO playbook_select start
2017-10-13 17:41:13,829 playbook.py[line:137] INFO playbook_select end
2017-10-13 17:41:34,615 playbook.py[line:89] INFO playbook_select start
2017-10-13 17:41:34,625 playbook.py[line:137] INFO playbook_select end
2017-10-13 17:43:23,496 playbook.py[line:89] INFO playbook_select start
2017-10-13 17:43:23,513 playbook.py[line:137] INFO playbook_select end
2017-10-13 17:43:26,500 playbook.py[line:89] INFO playbook_select start
2017-10-13 17:43:26,510 playbook.py[line:137] INFO playbook_select end
2017-10-13 17:46:53,844 playbook.py[line:89] INFO playbook_select start
2017-10-13 17:46:53,871 playbook.py[line:137] INFO playbook_select end
2017-10-13 17:46:55,365 playbook.py[line:89] INFO playbook_select start
2017-10-13 17:46:55,382 playbook.py[line:137] INFO playbook_select end
2017-10-13 17:47:34,826 playbook.py[line:89] INFO playbook_select start
2017-10-13 17:47:34,851 playbook.py[line:137] INFO playbook_select end
2017-10-13 17:47:35,980 playbook.py[line:89] INFO playbook_select start
2017-10-13 17:47:35,989 playbook.py[line:137] INFO playbook_select end
2017-10-13 17:47:39,190 playbook.py[line:173] INFO playbook_update start
2017-10-13 17:47:39,230 playbook.py[line:248] INFO playbook_update end
2017-10-13 17:47:39,272 playbook.py[line:89] INFO playbook_select start
2017-10-13 17:47:39,285 playbook.py[line:137] INFO playbook_select end
2017-10-13 17:49:03,219 playbook.py[line:89] INFO playbook_select start
2017-10-13 17:49:03,230 playbook.py[line:137] INFO playbook_select end
2017-10-13 17:49:04,299 playbook.py[line:89] INFO playbook_select start
2017-10-13 17:49:04,315 playbook.py[line:137] INFO playbook_select end
2017-10-13 17:49:17,236 playbook.py[line:173] INFO playbook_update start
2017-10-13 17:49:17,276 playbook.py[line:248] INFO playbook_update end
2017-10-13 17:49:17,335 playbook.py[line:89] INFO playbook_select start
2017-10-13 17:49:17,345 playbook.py[line:137] INFO playbook_select end
2017-10-13 17:49:39,821 playbook.py[line:173] INFO playbook_update start
2017-10-13 17:49:39,861 playbook.py[line:248] INFO playbook_update end
2017-10-13 17:49:39,910 playbook.py[line:89] INFO playbook_select start
2017-10-13 17:49:39,921 playbook.py[line:137] INFO playbook_select end
2017-10-13 18:08:58,161 playbook.py[line:89] INFO playbook_select start
2017-10-13 18:08:58,177 playbook.py[line:137] INFO playbook_select end
2017-10-13 18:09:01,865 playbook.py[line:89] INFO playbook_select start
2017-10-13 18:09:01,878 playbook.py[line:137] INFO playbook_select end
2017-10-13 18:09:04,974 playbook.py[line:143] INFO jobs_delete start
2017-10-13 18:09:04,994 playbook.py[line:163] ERROR ("Cannot delete some instances of model 'playbook' because they are referenced through a protected foreign key: 'T_JOB_TEMPLATE.PLAYBOOK_ID'", [<T_JOB_TEMPLATE: T_JOB_TEMPLATE object>])
2017-10-13 18:09:04,996 playbook.py[line:166] INFO playbook_delete end
2017-10-13 18:09:05,040 playbook.py[line:89] INFO playbook_select start
2017-10-13 18:09:05,052 playbook.py[line:137] INFO playbook_select end
2017-10-13 18:09:10,213 playbook.py[line:143] INFO jobs_delete start
2017-10-13 18:09:10,255 playbook.py[line:166] INFO playbook_delete end
2017-10-13 18:09:10,302 playbook.py[line:89] INFO playbook_select start
2017-10-13 18:09:10,311 playbook.py[line:137] INFO playbook_select end
2017-10-13 18:09:44,259 playbook.py[line:173] INFO playbook_update start
2017-10-13 18:09:44,289 playbook.py[line:248] INFO playbook_update end
2017-10-13 18:09:44,348 playbook.py[line:89] INFO playbook_select start
2017-10-13 18:09:44,357 playbook.py[line:137] INFO playbook_select end
2017-10-13 18:12:38,417 playbook.py[line:89] INFO playbook_select start
2017-10-13 18:12:38,424 playbook.py[line:137] INFO playbook_select end
2017-10-13 18:33:43,582 jobsdb.py[line:15] INFO jobs_select start
2017-10-13 18:33:43,588 jobsdb.py[line:72] INFO jobs_select end
2017-10-13 18:33:46,549 jobsdb.py[line:15] INFO jobs_select start
2017-10-13 18:33:46,555 jobsdb.py[line:72] INFO jobs_select end
2017-10-13 18:33:49,548 jobsdb.py[line:15] INFO jobs_select start
2017-10-13 18:33:49,555 jobsdb.py[line:72] INFO jobs_select end
2017-10-13 18:33:52,549 jobsdb.py[line:15] INFO jobs_select start
2017-10-13 18:33:52,555 jobsdb.py[line:72] INFO jobs_select end
2017-10-13 18:33:55,552 jobsdb.py[line:15] INFO jobs_select start
2017-10-13 18:33:55,562 jobsdb.py[line:72] INFO jobs_select end
2017-10-13 18:33:58,562 jobsdb.py[line:15] INFO jobs_select start
2017-10-13 18:33:58,569 jobsdb.py[line:72] INFO jobs_select end
2017-10-13 18:34:01,543 jobsdb.py[line:15] INFO jobs_select start
2017-10-13 18:34:01,552 jobsdb.py[line:72] INFO jobs_select end
2017-10-13 18:34:04,549 jobsdb.py[line:15] INFO jobs_select start
2017-10-13 18:34:04,555 jobsdb.py[line:72] INFO jobs_select end
2017-10-13 18:34:07,549 jobsdb.py[line:15] INFO jobs_select start
2017-10-13 18:34:07,555 jobsdb.py[line:72] INFO jobs_select end
2017-10-13 18:34:10,551 jobsdb.py[line:15] INFO jobs_select start
2017-10-13 18:34:10,559 jobsdb.py[line:72] INFO jobs_select end
2017-10-13 18:34:13,548 jobsdb.py[line:15] INFO jobs_select start
2017-10-13 18:34:13,555 jobsdb.py[line:72] INFO jobs_select end
2017-10-13 18:34:16,546 jobsdb.py[line:15] INFO jobs_select start
2017-10-13 18:34:16,555 jobsdb.py[line:72] INFO jobs_select end
